[debug] [2018-08-29T20:50:26.094Z] ----------------------------------------------------------------------
[debug] [2018-08-29T20:50:26.098Z] Command:       C:\Program Files\nodejs\node.exe C:\Users\SARKIS\AppData\Roaming\npm\node_modules\firebase-tools\bin\firebase deploy
[debug] [2018-08-29T20:50:26.098Z] CLI Version:   4.2.1
[debug] [2018-08-29T20:50:26.098Z] Platform:      win32
[debug] [2018-08-29T20:50:26.099Z] Node Version:  v10.9.0
[debug] [2018-08-29T20:50:26.100Z] Time:          Wed Aug 29 2018 23:50:26 GMT+0300 (Israel Daylight Time)
[debug] [2018-08-29T20:50:26.100Z] ----------------------------------------------------------------------
[debug] 
[debug] [2018-08-29T20:50:26.115Z] > command requires scopes: ["email","openid","https://www.googleapis.com/auth/cloudplatformprojects.readonly","https://www.googleapis.com/auth/firebase","https://www.googleapis.com/auth/cloud-platform"]
[debug] [2018-08-29T20:50:26.116Z] > authorizing via signed-in user
[debug] [2018-08-29T20:50:26.119Z] >>> HTTP REQUEST GET https://admin.firebase.com/v1/projects/react-client-panel-1e6bd  
 
[debug] [2018-08-29T20:50:27.141Z] <<< HTTP RESPONSE 200
[info] 
[info] === Deploying to 'react-client-panel-1e6bd'...
[info] 
[info] i  deploying firestore, hosting
[info] i  firestore: checking firestore.rules for compilation errors...
[debug] [2018-08-29T20:50:27.160Z] >>> HTTP REQUEST POST https://firebaserules.googleapis.com/v1/projects/react-client-panel-1e6bd:test  

[debug] [2018-08-29T20:50:28.158Z] <<< HTTP RESPONSE 200
[info] +  firestore: rules file firestore.rules compiled successfully
[debug] [2018-08-29T20:50:28.163Z] >>> HTTP REQUEST POST https://firebasehosting.googleapis.com/v1beta1/sites/react-client-panel-1e6bd/versions  

[debug] [2018-08-29T20:50:29.686Z] <<< HTTP RESPONSE 200
[info] i  firestore: uploading rules firestore.rules...
[debug] [2018-08-29T20:50:29.689Z] >>> HTTP REQUEST POST https://firebaserules.googleapis.com/v1/projects/react-client-panel-1e6bd/rulesets  

[debug] [2018-08-29T20:50:29.689Z] >>> HTTP REQUEST GET https://firestore.googleapis.com/v1beta1/projects/react-client-panel-1e6bd/databases/(default)/indexes  
 
[debug] [2018-08-29T20:50:30.693Z] <<< HTTP RESPONSE 200
[debug] [2018-08-29T20:50:30.754Z] <<< HTTP RESPONSE 200
[debug] [2018-08-29T20:50:30.755Z] [rules] created ruleset projects/react-client-panel-1e6bd/rulesets/59cc7312-c826-43fe-8d21-01a56c98eba0
[info] i  hosting[react-client-panel-1e6bd]: beginning deploy...
[info] i  hosting[react-client-panel-1e6bd]: found 9 files in build
[debug] [2018-08-29T20:50:32.259Z] [hosting] hash cache [YnVpbGQ] stored for 9 files
[debug] [2018-08-29T20:50:32.260Z] [hosting][hash queue][FINAL]
[debug] [2018-08-29T20:50:32.260Z] >>> HTTP REQUEST POST https://firebasehosting.googleapis.com/v1beta1/sites/react-client-panel-1e6bd/versions/e77b497197d13ba7:populateFiles  
 <request body omitted>
[debug] [2018-08-29T20:50:33.723Z] <<< HTTP RESPONSE 200
[debug] [2018-08-29T20:50:33.731Z] [hosting][populate queue][FINAL]
[debug] [2018-08-29T20:50:33.731Z] [hosting] uploads queued: 9
